{
  "stats": {
    "suites": 0,
    "tests": 1,
    "passes": 0,
    "pending": 0,
    "failures": 1,
    "start": "2024-05-17T08:02:22.249Z",
    "end": "2024-05-17T08:02:23.110Z",
    "duration": 861,
    "testsRegistered": 1,
    "passPercent": 0,
    "pendingPercent": 0,
    "other": 0,
    "hasOther": false,
    "skipped": 0,
    "hasSkipped": false
  },
  "results": [
    {
      "uuid": "7532f930-e45f-4fb5-91be-e68b98229a15",
      "title": "",
      "fullFile": "cypress\\integration\\examples\\bdd\\ecommerce.feature",
      "file": "cypress\\integration\\examples\\bdd\\ecommerce.feature",
      "beforeHooks": [],
      "afterHooks": [],
      "tests": [
        {
          "title": "An uncaught error was detected outside of a test",
          "fullTitle": "An uncaught error was detected outside of a test",
          "timedOut": null,
          "duration": 409,
          "state": "failed",
          "speed": null,
          "pass": false,
          "fail": true,
          "pending": false,
          "context": null,
          "code": "throw err;",
          "err": {
            "message": "TypeError: The following error originated from your test code, not from Cypress.\n\n  > (0 , _cypressCucumberPreprocessor.And) is not a function\n\nWhen Cypress detects uncaught errors originating from your test code it will automatically fail the current test.\n\nCypress could not associate this error to any specific test.\n\nWe dynamically generated a new test to display this failure.",
            "estack": "TypeError: The following error originated from your test code, not from Cypress.\n\n  > (0 , _cypressCucumberPreprocessor.And) is not a function\n\nWhen Cypress detects uncaught errors originating from your test code it will automatically fail the current test.\n\nCypress could not associate this error to any specific test.\n\nWe dynamically generated a new test to display this failure.\n    at 3.../../../pageObjects/HomePage (cypress/integration/examples/bdd/ecommerce/eComStepDef.js:26:4)\n    at o (node_modules/browser-pack/_prelude.js:1:0)\n    at eval (node_modules/browser-pack/_prelude.js:1:0)\n    at 1.C:\\Users\\sarka\\projects\\Learning_Cypress_Automation\\cypress\\integration\\examples\\bdd\\ecommerce\\beforeEach.js (cypress/integration/examples/bdd/ecommerce.feature:4:0)\n    at o (node_modules/browser-pack/_prelude.js:1:0)\n    at r (node_modules/browser-pack/_prelude.js:1:0)\n    at eval (node_modules/browser-pack/_prelude.js:1:0)\n    at eval (<anonymous>)",
            "diff": null
          },
          "uuid": "b1090541-6a6b-4749-be87-72a9ab5d7fbd",
          "parentUUID": "7532f930-e45f-4fb5-91be-e68b98229a15",
          "isHook": false,
          "skipped": false
        }
      ],
      "suites": [],
      "passes": [],
      "failures": [
        "b1090541-6a6b-4749-be87-72a9ab5d7fbd"
      ],
      "pending": [],
      "skipped": [],
      "duration": 409,
      "root": true,
      "rootEmpty": false,
      "_timeout": 2000
    }
  ],
  "meta": {
    "mocha": {
      "version": "7.0.1"
    },
    "mochawesome": {
      "options": {
        "quiet": false,
        "reportFilename": "mochawesome",
        "saveHtml": false,
        "saveJson": true,
        "consoleReporter": "spec",
        "useInlineDiffs": false,
        "code": true
      },
      "version": "7.1.3"
    },
    "marge": {
      "options": {
        "overwrite": false,
        "html": false,
        "json": true,
        "reportDir": "cypress\\reports\\html\\.jsons"
      },
      "version": "6.2.0"
    }
  }
}